2020-04-17 00:29:35,430 INFO TestHomeTask [main] firefox драйвер поднят
2020-04-17 00:29:53,968 INFO TestHomeTask [main] Открыта страница в браузере firefox
2020-04-17 00:36:29,125 INFO TestHomeTask [main] chrome драйвер поднят
2020-04-17 00:36:37,684 INFO TestHomeTask [main] Открыта страница в браузере
2020-04-17 00:38:26,755 INFO TestHomeTask [main] chrome драйвер поднят
2020-04-17 00:38:32,890 INFO TestHomeTask [main] Открыта страница в браузере
2020-04-17 00:39:12,442 INFO TestHomeTask [main] chrome драйвер поднят
2020-04-17 00:39:19,491 INFO TestHomeTask [main] Открыта страница в браузере
2020-04-17 00:50:31,682 INFO TestHomeTask [main] chrome драйвер поднят
2020-04-17 00:50:41,024 INFO TestHomeTask [main] Открыта страница в браузере
2020-04-17 00:57:15,851 INFO TestHomeTask [main] chrome драйвер поднят
2020-04-17 00:57:21,647 INFO TestHomeTask [main] Открыта страница в браузере
2020-04-17 00:59:35,667 INFO TestHomeTask [main] chrome драйвер поднят
2020-04-17 00:59:39,601 INFO TestHomeTask [main] Открыта страница в браузере
2020-04-17 01:02:35,739 INFO TestHomeTask [main] chrome драйвер поднят
2020-04-17 01:12:00,771 INFO TestHomeTask [main] chrome драйвер поднят
2020-04-17 01:19:31,265 INFO TestHomeTask [main] chrome драйвер поднят
2020-04-17 01:19:37,721 INFO TestHomeTask [main] Открыта страница в браузере
2020-04-18 23:17:01,805 INFO TestHomeTask [main] firefox драйвер поднят
2020-04-18 23:17:22,189 INFO TestHomeTask [main] Открыта страница в браузере
2020-04-18 23:17:24,751 INFO TestHomeTask [main] Браузер закрыт
2020-04-18 23:21:00,667 INFO TestHomeTask [main] chrome драйвер поднят
2020-04-18 23:21:07,362 INFO TestHomeTask [main] Открыта страница в браузере
2020-04-18 23:21:08,642 INFO TestHomeTask [main] Браузер закрыт
2020-04-18 23:22:49,089 INFO TestHomeTask [main] firefox драйвер поднят
2020-04-18 23:23:00,315 INFO TestHomeTask [main] Открыта страница в браузере
2020-04-18 23:23:16,284 INFO TestHomeTask [main] Браузер закрыт
2020-04-18 23:30:22,621 INFO TestHomeTask [main] firefox драйвер поднят
2020-04-18 23:30:39,355 INFO TestHomeTask [main] Открыта страница в браузере
2020-04-18 23:30:59,117 INFO TestHomeTask [main] Браузер закрыт
2020-04-19 15:42:32,805 INFO TestHomeTask [main] firefox драйвер поднят
2020-04-19 15:42:40,331 INFO TestHomeTask [main] Открыта страница в браузере
2020-04-19 15:43:12,753 INFO TestHomeTask [main] Браузер закрыт
2020-04-19 15:45:24,242 INFO TestHomeTask [main] firefox драйвер поднят
2020-04-19 15:45:29,497 INFO TestHomeTask [main] Открыта страница в браузере
2020-04-19 15:46:01,320 INFO TestHomeTask [main] Браузер закрыт
2020-04-19 15:48:13,800 INFO TestHomeTask [main] firefox драйвер поднят
2020-04-19 15:48:18,820 INFO TestHomeTask [main] Открыта страница в браузере
2020-04-19 15:48:50,955 INFO TestHomeTask [main] Браузер закрыт
2020-04-19 15:54:39,749 INFO TestHomeTask [main] firefox драйвер поднят
2020-04-19 15:54:50,767 INFO TestHomeTask [main] Открыта страница в браузере
2020-04-19 15:55:03,795 INFO TestHomeTask [main] Браузер закрыт
2020-04-19 15:56:58,273 INFO TestHomeTask [main] firefox драйвер поднят
2020-04-19 15:57:04,636 INFO TestHomeTask [main] Открыта страница в браузере
2020-04-19 15:57:17,909 INFO TestHomeTask [main] Браузер закрыт
2020-04-19 17:54:08,006 INFO TestHomeTask [main] firefox драйвер поднят
2020-04-19 17:54:17,076 INFO TestHomeTask [main] Открыта страница в браузере
2020-04-19 17:54:29,948 INFO TestHomeTask [main] Браузер закрыт
2020-04-19 18:10:41,084 INFO TestHomeTask [main] firefox драйвер поднят
2020-04-19 18:10:48,691 INFO TestHomeTask [main] Открыта страница в браузере
2020-04-19 18:11:01,711 INFO TestHomeTask [main] Браузер закрыт
2020-04-19 18:14:06,831 INFO TestHomeTask [main] firefox драйвер поднят
2020-04-19 18:14:15,800 INFO TestHomeTask [main] Открыта страница в браузере
2020-04-19 18:14:18,533 INFO TestHomeTask [main] Браузер закрыт
2020-04-19 18:16:22,366 INFO TestHomeTask [main] firefox драйвер поднят
2020-04-19 18:16:30,612 INFO TestHomeTask [main] Открыта страница в браузере
2020-04-19 18:16:45,181 INFO TestHomeTask [main] Браузер закрыт
2020-04-20 23:52:17,687 INFO TestHomeTask [main] FIREFOX драйвер поднят
2020-04-20 23:52:33,116 INFO TestHomeTask [main] Открыта страница в браузере
2020-04-20 23:52:55,077 INFO TestHomeTask [main] Браузер закрыт
